<?xml version="1.0" encoding="UTF-8"?>
<testsuite xmlns:xsi="http://www.w3.org/2001/XMLSchema-instance" xsi:noNamespaceSchemaLocation="https://maven.apache.org/surefire/maven-surefire-plugin/xsd/surefire-test-report.xsd" name="com.logic.EqualityTest" time="0" tests="2" errors="0" skipped="0" failures="2">
  <properties>
    <property name="java.specification.version" value="21"/>
    <property name="sun.jnu.encoding" value="UTF-8"/>
    <property name="java.class.path" value="/home/marcusle/Documents/projects/Java-projects/intro_ai_ass_2/agent/target/test-classes:/home/marcusle/Documents/projects/Java-projects/intro_ai_ass_2/agent/target/classes:/home/marcusle/.m2/repository/junit/junit/4.11/junit-4.11.jar:/home/marcusle/.m2/repository/org/hamcrest/hamcrest-core/1.3/hamcrest-core-1.3.jar:"/>
    <property name="java.vm.vendor" value="Debian"/>
    <property name="sun.arch.data.model" value="64"/>
    <property name="java.vendor.url" value="https://tracker.debian.org/openjdk-21"/>
    <property name="os.name" value="Linux"/>
    <property name="java.vm.specification.version" value="21"/>
    <property name="sun.java.launcher" value="SUN_STANDARD"/>
    <property name="user.country" value="GB"/>
    <property name="sun.boot.library.path" value="/usr/lib/jvm/java-21-openjdk-amd64/lib"/>
    <property name="sun.java.command" value="/home/marcusle/Documents/projects/Java-projects/intro_ai_ass_2/agent/target/surefire/surefirebooter1001350624383952093.jar /home/marcusle/Documents/projects/Java-projects/intro_ai_ass_2/agent/target/surefire 2025-05-01T11-56-16_908-jvmRun1 surefire12445749002282743795tmp surefire_013651986214863492674tmp"/>
    <property name="jdk.debug" value="release"/>
    <property name="surefire.test.class.path" value="/home/marcusle/Documents/projects/Java-projects/intro_ai_ass_2/agent/target/test-classes:/home/marcusle/Documents/projects/Java-projects/intro_ai_ass_2/agent/target/classes:/home/marcusle/.m2/repository/junit/junit/4.11/junit-4.11.jar:/home/marcusle/.m2/repository/org/hamcrest/hamcrest-core/1.3/hamcrest-core-1.3.jar:"/>
    <property name="sun.cpu.endian" value="little"/>
    <property name="user.home" value="/home/marcusle"/>
    <property name="user.language" value="en"/>
    <property name="java.specification.vendor" value="Oracle Corporation"/>
    <property name="java.version.date" value="2025-04-15"/>
    <property name="java.home" value="/usr/lib/jvm/java-21-openjdk-amd64"/>
    <property name="file.separator" value="/"/>
    <property name="basedir" value="/home/marcusle/Documents/projects/Java-projects/intro_ai_ass_2/agent"/>
    <property name="java.vm.compressedOopsMode" value="Zero based"/>
    <property name="line.separator" value="&#10;"/>
    <property name="java.specification.name" value="Java Platform API Specification"/>
    <property name="java.vm.specification.vendor" value="Oracle Corporation"/>
    <property name="surefire.real.class.path" value="/home/marcusle/Documents/projects/Java-projects/intro_ai_ass_2/agent/target/surefire/surefirebooter1001350624383952093.jar"/>
    <property name="sun.management.compiler" value="HotSpot 64-Bit Tiered Compilers"/>
    <property name="java.runtime.version" value="21.0.7-ea+8-Debian-1"/>
    <property name="user.name" value="marcusle"/>
    <property name="stdout.encoding" value="UTF-8"/>
    <property name="path.separator" value=":"/>
    <property name="os.version" value="6.12.22-amd64"/>
    <property name="java.runtime.name" value="OpenJDK Runtime Environment"/>
    <property name="file.encoding" value="UTF-8"/>
    <property name="java.vm.name" value="OpenJDK 64-Bit Server VM"/>
    <property name="localRepository" value="/home/marcusle/.m2/repository"/>
    <property name="java.vendor.url.bug" value="https://bugs.debian.org/openjdk-21"/>
    <property name="java.io.tmpdir" value="/tmp"/>
    <property name="java.version" value="21.0.7-ea"/>
    <property name="user.dir" value="/home/marcusle/Documents/projects/Java-projects/intro_ai_ass_2/agent"/>
    <property name="os.arch" value="amd64"/>
    <property name="java.vm.specification.name" value="Java Virtual Machine Specification"/>
    <property name="native.encoding" value="UTF-8"/>
    <property name="java.library.path" value="/tmp/.mount_cursorZ0tVY9/usr/lib/:/tmp/.mount_cursorZ0tVY9/usr/lib32/:/tmp/.mount_cursorZ0tVY9/usr/lib64/:/tmp/.mount_cursorZ0tVY9/lib/:/tmp/.mount_cursorZ0tVY9/lib/i386-linux-gnu/:/tmp/.mount_cursorZ0tVY9/lib/x86_64-linux-gnu/:/tmp/.mount_cursorZ0tVY9/lib/aarch64-linux-gnu/:/tmp/.mount_cursorZ0tVY9/lib32/:/tmp/.mount_cursorZ0tVY9/lib64/::/usr/java/packages/lib:/usr/lib/x86_64-linux-gnu/jni:/lib/x86_64-linux-gnu:/usr/lib/x86_64-linux-gnu:/usr/lib/jni:/lib:/usr/lib"/>
    <property name="java.vm.info" value="mixed mode, sharing"/>
    <property name="stderr.encoding" value="UTF-8"/>
    <property name="java.vendor" value="Debian"/>
    <property name="java.vm.version" value="21.0.7-ea+8-Debian-1"/>
    <property name="sun.io.unicode.encoding" value="UnicodeLittle"/>
    <property name="java.class.version" value="65.0"/>
  </properties>
  <testcase name="testInequality" classname="com.logic.EqualityTest" time="0">
    <failure message="Values should not be equal expected:&lt;5&gt; but was:&lt;10&gt;" type="java.lang.AssertionError"><![CDATA[java.lang.AssertionError: Values should not be equal expected:<5> but was:<10>
	at com.logic.EqualityTest.testInequality(EqualityTest.java:22)
]]></failure>
  </testcase>
  <testcase name="test1" classname="com.logic.EqualityTest" time="0">
    <failure message="-A V B should be equivalent with A =&gt; B" type="java.lang.AssertionError">java.lang.AssertionError: -A V B should be equivalent with A => B
	at com.logic.EqualityTest.test1(EqualityTest.java:15)
</failure>
  </testcase>
</testsuite>