<?xml version="1.0" encoding="UTF-8"?>
<testsuite xmlns:xsi="http://www.w3.org/2001/XMLSchema-instance" xsi:noNamespaceSchemaLocation="https://maven.apache.org/surefire/maven-surefire-plugin/xsd/surefire-test-report.xsd" name="com.logic.BeliefSetTest" time="0.001" tests="2" errors="0" skipped="0" failures="0">
  <properties>
    <property name="java.specification.version" value="21"/>
    <property name="sun.jnu.encoding" value="UTF-8"/>
    <property name="java.class.path" value="/home/marcusle/Documents/DTU/4_semester/1_blok/Intor_AI/projects/Intro_AI/Assignment_2/agent/target/test-classes:/home/marcusle/Documents/DTU/4_semester/1_blok/Intor_AI/projects/Intro_AI/Assignment_2/agent/target/classes:/home/marcusle/.m2/repository/junit/junit/4.11/junit-4.11.jar:/home/marcusle/.m2/repository/org/hamcrest/hamcrest-core/1.3/hamcrest-core-1.3.jar:"/>
    <property name="java.vm.vendor" value="Debian"/>
    <property name="sun.arch.data.model" value="64"/>
    <property name="java.vendor.url" value="https://tracker.debian.org/openjdk-21"/>
    <property name="os.name" value="Linux"/>
    <property name="java.vm.specification.version" value="21"/>
    <property name="sun.java.launcher" value="SUN_STANDARD"/>
    <property name="user.country" value="GB"/>
    <property name="sun.boot.library.path" value="/usr/lib/jvm/java-21-openjdk-amd64/lib"/>
    <property name="sun.java.command" value="/home/marcusle/Documents/DTU/4_semester/1_blok/Intor_AI/projects/Intro_AI/Assignment_2/agent/target/surefire/surefirebooter6828568545714696077.jar /home/marcusle/Documents/DTU/4_semester/1_blok/Intor_AI/projects/Intro_AI/Assignment_2/agent/target/surefire 2025-05-05T13-53-37_265-jvmRun1 surefire11231591170556462228tmp surefire_06537265730013526111tmp"/>
    <property name="jdk.debug" value="release"/>
    <property name="surefire.test.class.path" value="/home/marcusle/Documents/DTU/4_semester/1_blok/Intor_AI/projects/Intro_AI/Assignment_2/agent/target/test-classes:/home/marcusle/Documents/DTU/4_semester/1_blok/Intor_AI/projects/Intro_AI/Assignment_2/agent/target/classes:/home/marcusle/.m2/repository/junit/junit/4.11/junit-4.11.jar:/home/marcusle/.m2/repository/org/hamcrest/hamcrest-core/1.3/hamcrest-core-1.3.jar:"/>
    <property name="sun.cpu.endian" value="little"/>
    <property name="user.home" value="/home/marcusle"/>
    <property name="user.language" value="en"/>
    <property name="java.specification.vendor" value="Oracle Corporation"/>
    <property name="java.version.date" value="2025-04-15"/>
    <property name="java.home" value="/usr/lib/jvm/java-21-openjdk-amd64"/>
    <property name="file.separator" value="/"/>
    <property name="basedir" value="/home/marcusle/Documents/DTU/4_semester/1_blok/Intor_AI/projects/Intro_AI/Assignment_2/agent"/>
    <property name="java.vm.compressedOopsMode" value="Zero based"/>
    <property name="line.separator" value="&#10;"/>
    <property name="java.specification.name" value="Java Platform API Specification"/>
    <property name="java.vm.specification.vendor" value="Oracle Corporation"/>
    <property name="surefire.real.class.path" value="/home/marcusle/Documents/DTU/4_semester/1_blok/Intor_AI/projects/Intro_AI/Assignment_2/agent/target/surefire/surefirebooter6828568545714696077.jar"/>
    <property name="sun.management.compiler" value="HotSpot 64-Bit Tiered Compilers"/>
    <property name="java.runtime.version" value="21.0.7-ea+8-Debian-1"/>
    <property name="user.name" value="marcusle"/>
    <property name="stdout.encoding" value="UTF-8"/>
    <property name="path.separator" value=":"/>
    <property name="os.version" value="6.12.22-amd64"/>
    <property name="java.runtime.name" value="OpenJDK Runtime Environment"/>
    <property name="file.encoding" value="UTF-8"/>
    <property name="java.vm.name" value="OpenJDK 64-Bit Server VM"/>
    <property name="localRepository" value="/home/marcusle/.m2/repository"/>
    <property name="java.vendor.url.bug" value="https://bugs.debian.org/openjdk-21"/>
    <property name="java.io.tmpdir" value="/tmp"/>
    <property name="java.version" value="21.0.7-ea"/>
    <property name="user.dir" value="/home/marcusle/Documents/DTU/4_semester/1_blok/Intor_AI/projects/Intro_AI/Assignment_2/agent"/>
    <property name="os.arch" value="amd64"/>
    <property name="java.vm.specification.name" value="Java Virtual Machine Specification"/>
    <property name="native.encoding" value="UTF-8"/>
    <property name="java.library.path" value="/usr/java/packages/lib:/usr/lib/x86_64-linux-gnu/jni:/lib/x86_64-linux-gnu:/usr/lib/x86_64-linux-gnu:/usr/lib/jni:/lib:/usr/lib"/>
    <property name="java.vm.info" value="mixed mode, sharing"/>
    <property name="stderr.encoding" value="UTF-8"/>
    <property name="java.vendor" value="Debian"/>
    <property name="java.vm.version" value="21.0.7-ea+8-Debian-1"/>
    <property name="sun.io.unicode.encoding" value="UnicodeLittle"/>
    <property name="java.class.version" value="65.0"/>
  </properties>
  <testcase name="test1" classname="com.logic.BeliefSetTest" time="0.001"/>
  <testcase name="test2" classname="com.logic.BeliefSetTest" time="0"/>
</testsuite>